<?xml version="1.0" encoding="UTF-8"?>
<!-- Generated by org.testng.reporters.JUnitXMLReporter -->
<testsuite ignored="0" hostname="Selinas-MacBook-Pro.local" failures="0" tests="5" name="Default test" time="48.709" errors="0" timestamp="2022-11-24T16:44:33 WIB">
  <testcase classname="tests.Home" name="test1" time="3.506"/>
  <testcase classname="tests.Home" name="test2" time="20.097"/>
  <testcase classname="tests.Home" name="test3" time="6.081"/>
  <testcase classname="tests.Home" name="test4" time="0.082"/>
  <testcase classname="tests.Home" name="test5" time="2.722"/>
</testsuite> <!-- Default test -->
